<?xml version="1.0" encoding="UTF-8"?><sv:node xmlns:sv="http://www.jcp.org/jcr/sv/1.0" sv:name="test-doc">
  <sv:property sv:name="jcr:primaryType" sv:type="Name">
    <sv:value>hippo:handle</sv:value>
  </sv:property>
  <sv:property sv:name="jcr:mixinTypes" sv:type="Name" sv:multiple="true">
    <sv:value>mix:referenceable</sv:value>
    <sv:value>hippo:translated</sv:value>
  </sv:property>
  <sv:property sv:name="jcr:uuid" sv:type="String">
    <sv:value>3a2f29cd-543c-4fdb-88fa-9f0753cde6c0</sv:value>
  </sv:property>
  <sv:node sv:name="test-doc">
    <sv:property sv:name="jcr:primaryType" sv:type="Name">
      <sv:value>myhippoproject:test</sv:value>
    </sv:property>
    <sv:property sv:name="jcr:mixinTypes" sv:type="Name" sv:multiple="true">
      <sv:value>mix:referenceable</sv:value>
    </sv:property>
    <sv:property sv:name="jcr:uuid" sv:type="String">
      <sv:value>ac711a63-e560-43f7-b97b-a0940c1e419c</sv:value>
    </sv:property>
    <sv:property sv:name="hippo:availability" sv:type="String" sv:multiple="true"/>
    <sv:property sv:name="hippo:related___pathreference" sv:type="String">
      <sv:value>test-doc/test-doc[3]</sv:value>
      <sv:value>test-doc/test-doc[2]</sv:value>
    </sv:property>
    <sv:property sv:name="hippostd:holder" sv:type="String">
      <sv:value>admin</sv:value>
    </sv:property>
    <sv:property sv:name="hippostd:state" sv:type="String">
      <sv:value>draft</sv:value>
    </sv:property>
    <sv:property sv:name="hippostd:stateSummary" sv:type="String">
      <sv:value>live</sv:value>
    </sv:property>
    <sv:property sv:name="hippostdpubwf:createdBy" sv:type="String">
      <sv:value>admin</sv:value>
    </sv:property>
    <sv:property sv:name="hippostdpubwf:creationDate" sv:type="Date">
      <sv:value>2015-05-06T12:17:48.257+02:00</sv:value>
    </sv:property>
    <sv:property sv:name="hippostdpubwf:lastModificationDate" sv:type="Date">
      <sv:value>2015-05-06T14:13:37.004+02:00</sv:value>
    </sv:property>
    <sv:property sv:name="hippostdpubwf:lastModifiedBy" sv:type="String">
      <sv:value>admin</sv:value>
    </sv:property>
    <sv:property sv:name="hippotranslation:id" sv:type="String">
      <sv:value>2f232c81-326d-4aaf-964b-7f5737d21927</sv:value>
    </sv:property>
    <sv:property sv:name="hippotranslation:locale" sv:type="String">
      <sv:value>en</sv:value>
    </sv:property>
    <sv:node sv:name="myhippoproject:image">
      <sv:property sv:name="jcr:primaryType" sv:type="Name">
        <sv:value>hippogallerypicker:imagelink</sv:value>
      </sv:property>
      <sv:property sv:name="hippo:docbase" sv:type="String">
        <sv:value>12387d4c-81a0-4621-a2c4-a6f95b050320</sv:value>
      </sv:property>
      <sv:property sv:name="hippo:facets" sv:type="String" sv:multiple="true"/>
      <sv:property sv:name="hippo:modes" sv:type="String" sv:multiple="true"/>
      <sv:property sv:name="hippo:values" sv:type="String" sv:multiple="true"/>
    </sv:node>
  </sv:node>
  <sv:node sv:name="hippo:translation">
    <sv:property sv:name="jcr:primaryType" sv:type="Name">
      <sv:value>hippo:translation</sv:value>
    </sv:property>
    <sv:property sv:name="hippo:language" sv:type="String">
      <sv:value/>
    </sv:property>
    <sv:property sv:name="hippo:message" sv:type="String">
      <sv:value>test doc</sv:value>
    </sv:property>
  </sv:node>
  <sv:node sv:name="test-doc">
    <sv:property sv:name="jcr:primaryType" sv:type="Name">
      <sv:value>myhippoproject:test</sv:value>
    </sv:property>
    <sv:property sv:name="jcr:mixinTypes" sv:type="Name" sv:multiple="true">
      <sv:value>mix:versionable</sv:value>
    </sv:property>
    <sv:property sv:name="jcr:uuid" sv:type="String">
      <sv:value>96c6f3d4-842a-4c78-bd39-545e6f34a5ed</sv:value>
    </sv:property>
    <sv:property sv:name="hippo:availability" sv:type="String" sv:multiple="true">
      <sv:value>preview</sv:value>
    </sv:property>
    <sv:property sv:name="hippo:related___pathreference" sv:type="String">
      <sv:value>test-doc/test-doc[3]</sv:value>
    </sv:property>
    <sv:property sv:name="hippostd:state" sv:type="String">
      <sv:value>unpublished</sv:value>
    </sv:property>
    <sv:property sv:name="hippostd:stateSummary" sv:type="String">
      <sv:value>live</sv:value>
    </sv:property>
    <sv:property sv:name="hippostdpubwf:createdBy" sv:type="String">
      <sv:value>admin</sv:value>
    </sv:property>
    <sv:property sv:name="hippostdpubwf:creationDate" sv:type="Date">
      <sv:value>2015-05-06T12:17:48.257+02:00</sv:value>
    </sv:property>
    <sv:property sv:name="hippostdpubwf:lastModificationDate" sv:type="Date">
      <sv:value>2015-05-06T12:18:43.018+02:00</sv:value>
    </sv:property>
    <sv:property sv:name="hippostdpubwf:lastModifiedBy" sv:type="String">
      <sv:value>admin</sv:value>
    </sv:property>
    <sv:property sv:name="hippotranslation:id" sv:type="String">
      <sv:value>2f232c81-326d-4aaf-964b-7f5737d21927</sv:value>
    </sv:property>
    <sv:property sv:name="hippotranslation:locale" sv:type="String">
      <sv:value>en</sv:value>
    </sv:property>
    <sv:node sv:name="myhippoproject:image">
      <sv:property sv:name="jcr:primaryType" sv:type="Name">
        <sv:value>hippogallerypicker:imagelink</sv:value>
      </sv:property>
      <sv:property sv:name="hippo:docbase" sv:type="String">
        <sv:value>12387d4c-81a0-4621-a2c4-a6f95b050320</sv:value>
      </sv:property>
      <sv:property sv:name="hippo:facets" sv:type="String" sv:multiple="true"/>
      <sv:property sv:name="hippo:modes" sv:type="String" sv:multiple="true"/>
      <sv:property sv:name="hippo:values" sv:type="String" sv:multiple="true"/>
    </sv:node>
  </sv:node>
  <sv:node sv:name="test-doc">
    <sv:property sv:name="jcr:primaryType" sv:type="Name">
      <sv:value>myhippoproject:test</sv:value>
    </sv:property>
    <sv:property sv:name="jcr:mixinTypes" sv:type="Name" sv:multiple="true">
      <sv:value>mix:referenceable</sv:value>
    </sv:property>
    <sv:property sv:name="jcr:uuid" sv:type="String">
      <sv:value>0fd5fc1e-0277-490e-9656-ca9e138428a8</sv:value>
    </sv:property>
    <sv:property sv:name="hippo:availability" sv:type="String" sv:multiple="true">
      <sv:value>live</sv:value>
    </sv:property>
    <sv:property sv:name="hippo:related___pathreference" sv:type="String">
      <sv:value>test-doc/test-doc[2]</sv:value>
    </sv:property>
    <sv:property sv:name="hippostd:state" sv:type="String">
      <sv:value>published</sv:value>
    </sv:property>
    <sv:property sv:name="hippostd:stateSummary" sv:type="String">
      <sv:value>live</sv:value>
    </sv:property>
    <sv:property sv:name="hippostdpubwf:createdBy" sv:type="String">
      <sv:value>admin</sv:value>
    </sv:property>
    <sv:property sv:name="hippostdpubwf:creationDate" sv:type="Date">
      <sv:value>2015-05-06T12:17:48.257+02:00</sv:value>
    </sv:property>
    <sv:property sv:name="hippostdpubwf:lastModificationDate" sv:type="Date">
      <sv:value>2015-05-06T12:18:43.018+02:00</sv:value>
    </sv:property>
    <sv:property sv:name="hippostdpubwf:lastModifiedBy" sv:type="String">
      <sv:value>admin</sv:value>
    </sv:property>
    <sv:property sv:name="hippostdpubwf:publicationDate" sv:type="Date">
      <sv:value>2015-05-06T12:18:53.368+02:00</sv:value>
    </sv:property>
    <sv:property sv:name="hippotranslation:id" sv:type="String">
      <sv:value>2f232c81-326d-4aaf-964b-7f5737d21927</sv:value>
    </sv:property>
    <sv:property sv:name="hippotranslation:locale" sv:type="String">
      <sv:value>en</sv:value>
    </sv:property>
    <sv:node sv:name="myhippoproject:image">
      <sv:property sv:name="jcr:primaryType" sv:type="Name">
        <sv:value>hippogallerypicker:imagelink</sv:value>
      </sv:property>
      <sv:property sv:name="hippo:docbase" sv:type="String">
        <sv:value>12387d4c-81a0-4621-a2c4-a6f95b050320</sv:value>
      </sv:property>
      <sv:property sv:name="hippo:facets" sv:type="String" sv:multiple="true"/>
      <sv:property sv:name="hippo:modes" sv:type="String" sv:multiple="true"/>
      <sv:property sv:name="hippo:values" sv:type="String" sv:multiple="true"/>
    </sv:node>
  </sv:node>
</sv:node>
